#
# A fatal error has been detected by the Java Runtime Environment:
#
#  EXCEPTION_ACCESS_VIOLATION (0xc0000005) at pc=0x6e617b13, pid=20248, tid=17980
#
# JRE version: Java(TM) SE Runtime Environment (7.0_67-b01) (build 1.7.0_67-b01)
# Java VM: Java HotSpot(TM) Client VM (24.65-b04 mixed mode, sharing windows-x86 )
# Problematic frame:
# V  [jvm.dll+0xc7b13]
#
# Failed to write core dump. Minidumps are not enabled by default on client versions of Windows
#
# If you would like to submit a bug report, please visit:
#   http://bugreport.sun.com/bugreport/crash.jsp
#

---------------  T H R E A D  ---------------

Current thread (0x0297b800):  JavaThread "main" [_thread_in_vm, id=17980, stack(0x01010000,0x01060000)]

siginfo: ExceptionCode=0xc0000005, reading address 0x00000000

Registers:
EAX=0x00000000, EBX=0x013181f0, ECX=0x00000000, EDX=0x00000000
ESP=0x0105f4d4, EBP=0x0105f4e8, ESI=0x0297b930, EDI=0x0297b800
EIP=0x6e617b13, EFLAGS=0x00010246

Top of Stack: (sp=0x0105f4d4)
0x0105f4d4:   0297b800 00000006 01318204 0297b930
0x0105f4e4:   013181f0 00000178 640015f7 0297b800
0x0105f4f4:   00000000 00000000 02bbc6d1 0297a100
0x0105f504:   0297b800 0105f52c 6e5bead8 0297b800
0x0105f514:   00000006 00000008 0297b800 3402e0b8
0x0105f524:   3402e0b8 0297c244 3402e0b8 3402e0b8
0x0105f534:   0297b800 0105f580 02b8aabd 0297b930
0x0105f544:   0105f59c 00000178 00000000 00000000 

Instructions: (pc=0x6e617b13)
0x6e617af3:   00 00 74 0c e8 34 54 09 00 33 ff 89 7d 08 eb 05
0x6e617b03:   89 4d 08 8b f9 6a 06 57 e8 90 9c f3 ff 8b 45 0c
0x6e617b13:   8b 18 8b 73 08 83 c4 08 85 f6 75 3d a1 44 5a 89
0x6e617b23:   6e 85 c0 75 30 e8 33 c1 0d 00 6a 00 8b f0 6a 00 


Register to memory mapping:

EAX=0x00000000 is an unknown value
EBX=0x013181f0 is an unknown value
ECX=0x00000000 is an unknown value
EDX=0x00000000 is an unknown value
ESP=0x0105f4d4 is pointing into the stack for thread: 0x0297b800
EBP=0x0105f4e8 is pointing into the stack for thread: 0x0297b800
ESI=0x0297b930 is an unknown value
EDI=0x0297b800 is a thread


Stack: [0x01010000,0x01060000],  sp=0x0105f4d4,  free space=317k
Native frames: (J=compiled Java code, j=interpreted, Vv=VM code, C=native code)
V  [jvm.dll+0xc7b13]

Java frames: (J=compiled Java code, j=interpreted, Vv=VM code)
j  jssc.SerialNativeInterface.writeBytes(J[B)Z+0
j  jssc.SerialPort.writeBytes([B)Z+15
j  com.jacobacon.serialsign.SerialSign.main([Ljava/lang/String;)V+247
v  ~StubRoutines::call_stub

---------------  P R O C E S S  ---------------

Java Threads: ( => current thread )
  0x02b14000 JavaThread "Service Thread" daemon [_thread_blocked, id=21996, stack(0x04f40000,0x04f90000)]
  0x02b12400 JavaThread "C1 CompilerThread0" daemon [_thread_blocked, id=20496, stack(0x04eb0000,0x04f00000)]
  0x02b10000 JavaThread "Attach Listener" daemon [_thread_blocked, id=17880, stack(0x04e20000,0x04e70000)]
  0x02b0dc00 JavaThread "Signal Dispatcher" daemon [_thread_blocked, id=18448, stack(0x04d90000,0x04de0000)]
  0x02aa0800 JavaThread "Finalizer" daemon [_thread_blocked, id=16444, stack(0x04d00000,0x04d50000)]
  0x02a9f000 JavaThread "Reference Handler" daemon [_thread_blocked, id=14976, stack(0x04c70000,0x04cc0000)]
=>0x0297b800 JavaThread "main" [_thread_in_vm, id=17980, stack(0x01010000,0x01060000)]

Other Threads:
  0x02a9d800 VMThread [stack: 0x04be0000,0x04c30000] [id=276]
  0x02b27800 WatcherThread [stack: 0x04fd0000,0x05020000] [id=19460]

VM state:not at safepoint (normal execution)

VM Mutex/Monitor currently owned by a thread: None

Heap
 def new generation   total 4928K, used 557K [0x24000000, 0x24550000, 0x29550000)
  eden space 4416K,  12% used [0x24000000, 0x2408b698, 0x24450000)
  from space 512K,   0% used [0x24450000, 0x24450000, 0x244d0000)
  to   space 512K,   0% used [0x244d0000, 0x244d0000, 0x24550000)
 tenured generation   total 10944K, used 0K [0x29550000, 0x2a000000, 0x34000000)
   the space 10944K,   0% used [0x29550000, 0x29550000, 0x29550200, 0x2a000000)
 compacting perm gen  total 12288K, used 187K [0x34000000, 0x34c00000, 0x38000000)
   the space 12288K,   1% used [0x34000000, 0x3402ec60, 0x3402ee00, 0x34c00000)
    ro space 10240K,  42% used [0x38000000, 0x38434650, 0x38434800, 0x38a00000)
    rw space 12288K,  52% used [0x38a00000, 0x3904be40, 0x3904c000, 0x39600000)

Card table byte_map: [0x02980000,0x02a30000] byte_map_base: 0x02860000

Polling page: 0x00f50000

Code Cache  [0x02b80000, 0x02c18000, 0x04b80000)
 total_blobs=143 nmethods=12 adapters=69 free_code_cache=32179Kb largest_free_block=32951552

Compilation events (10 events):
Event: 0.039 Thread 0x02b12400    8             java.lang.String::equals (81 bytes)
Event: 0.039 Thread 0x02b12400 nmethod 8 0x02c11888 code [0x02c119a0, 0x02c11b40]
Event: 0.039 Thread 0x02b12400    9             java.lang.String::lastIndexOf (52 bytes)
Event: 0.040 Thread 0x02b12400 nmethod 9 0x02c11d48 code [0x02c11e50, 0x02c11f5c]
Event: 0.046 Thread 0x02b12400   10             java.lang.String::replace (127 bytes)
Event: 0.046 Thread 0x02b12400 nmethod 10 0x02c122c8 code [0x02c123e0, 0x02c12650]
Event: 0.365 Thread 0x02b12400   11             java.lang.CharacterData::of (120 bytes)
Event: 0.365 Thread 0x02b12400 nmethod 11 0x02c12a08 code [0x02c12b40, 0x02c12ea0]
Event: 0.365 Thread 0x02b12400   12             java.lang.CharacterDataLatin1::getProperties (11 bytes)
Event: 0.365 Thread 0x02b12400 nmethod 12 0x02c130c8 code [0x02c131c0, 0x02c13260]

GC Heap History (0 events):
No events

Deoptimization events (0 events):
No events

Internal exceptions (8 events):
Event: 0.011 Thread 0x0297b800 Threw 0x240050c0 at C:\re\jdk7u67\1368\hotspot\src\share\vm\prims\jni.cpp:3991
Event: 0.035 Thread 0x0297b800 Threw 0x240504c0 at C:\re\jdk7u67\1368\hotspot\src\share\vm\prims\jvm.cpp:1244
Event: 0.038 Thread 0x0297b800 Threw 0x24055680 at C:\re\jdk7u67\1368\hotspot\src\share\vm\prims\jvm.cpp:1244
Event: 0.043 Thread 0x0297b800 Threw 0x24061898 at C:\re\jdk7u67\1368\hotspot\src\share\vm\prims\jvm.cpp:1244
Event: 0.045 Thread 0x0297b800 Threw 0x2406e038 at C:\re\jdk7u67\1368\hotspot\src\share\vm\prims\jvm.cpp:1244
Event: 0.045 Thread 0x0297b800 Threw 0x240711d8 at C:\re\jdk7u67\1368\hotspot\src\share\vm\prims\jvm.cpp:1244
Event: 0.046 Thread 0x0297b800 Threw 0x24075b58 at C:\re\jdk7u67\1368\hotspot\src\share\vm\prims\jvm.cpp:1244
Event: 0.046 Thread 0x0297b800 Threw 0x240788e0 at C:\re\jdk7u67\1368\hotspot\src\share\vm\prims\jvm.cpp:1244

Events (10 events):
Event: 0.043 loading class 0x02b133f8
Event: 0.043 loading class 0x02b133f8 done
Event: 0.045 loading class 0x02b5c920
Event: 0.045 loading class 0x02b5c920 done
Event: 0.045 loading class 0x02aa5d00
Event: 0.045 loading class 0x02aa5d00 done
Event: 0.046 loading class 0x02aa5c58
Event: 0.046 loading class 0x02aa5c58 done
Event: 0.046 loading class 0x02b5c500
Event: 0.046 loading class 0x02b5c500 done


Dynamic libraries:
0x00e10000 - 0x00e3f000 	C:\Program Files (x86)\Java\jre7\bin\javaw.exe
0x76f20000 - 0x7708e000 	C:\Windows\SYSTEM32\ntdll.dll
0x76740000 - 0x76880000 	C:\Windows\SYSTEM32\KERNEL32.DLL
0x74ce0000 - 0x74db7000 	C:\Windows\SYSTEM32\KERNELBASE.dll
0x73780000 - 0x73820000 	C:\Windows\system32\apphelp.dll
0x78ba0000 - 0x78e05000 	C:\Windows\AppPatch\AcGenral.DLL
0x74970000 - 0x74a33000 	C:\Windows\SYSTEM32\msvcrt.dll
0x76890000 - 0x768d1000 	C:\Windows\SYSTEM32\sechost.dll
0x74720000 - 0x7473e000 	C:\Windows\SYSTEM32\SspiCli.dll
0x74e20000 - 0x74e65000 	C:\Windows\SYSTEM32\SHLWAPI.dll
0x6dfc0000 - 0x6e0ad000 	C:\Windows\SYSTEM32\UxTheme.dll
0x750c0000 - 0x75213000 	C:\Windows\SYSTEM32\USER32.dll
0x76ce0000 - 0x76dee000 	C:\Windows\SYSTEM32\GDI32.dll
0x735b0000 - 0x735d3000 	C:\Windows\SYSTEM32\WINMM.dll
0x73f00000 - 0x73f13000 	C:\Windows\SYSTEM32\samcli.dll
0x747a0000 - 0x748c8000 	C:\Windows\SYSTEM32\ole32.dll
0x74fc0000 - 0x75055000 	C:\Windows\SYSTEM32\OLEAUT32.dll
0x6de70000 - 0x6de87000 	C:\Windows\SYSTEM32\MSACM32.dll
0x73b40000 - 0x73b48000 	C:\Windows\SYSTEM32\VERSION.dll
0x75300000 - 0x765ac000 	C:\Windows\SYSTEM32\SHELL32.dll
0x73f30000 - 0x73f4b000 	C:\Windows\SYSTEM32\USERENV.dll
0x6d2c0000 - 0x6d2da000 	C:\Windows\SYSTEM32\dwmapi.dll
0x70600000 - 0x7074b000 	C:\Windows\SYSTEM32\urlmon.dll
0x75230000 - 0x752ac000 	C:\Windows\SYSTEM32\ADVAPI32.dll
0x741f0000 - 0x74255000 	C:\Windows\SYSTEM32\WINSPOOL.DRV
0x6ff50000 - 0x6ff66000 	C:\Windows\SYSTEM32\MPR.dll
0x76a60000 - 0x76b1a000 	C:\Windows\SYSTEM32\RPCRT4.dll
0x74710000 - 0x7471a000 	C:\Windows\SYSTEM32\CRYPTBASE.dll
0x768e0000 - 0x76a5d000 	C:\Windows\SYSTEM32\combase.dll
0x73580000 - 0x735a3000 	C:\Windows\SYSTEM32\WINMMBASE.dll
0x73f20000 - 0x73f2f000 	C:\Windows\SYSTEM32\profapi.dll
0x73f50000 - 0x74182000 	C:\Windows\SYSTEM32\iertutil.dll
0x74260000 - 0x74435000 	C:\Windows\SYSTEM32\WININET.dll
0x746b0000 - 0x74704000 	C:\Windows\SYSTEM32\bcryptPrimitives.dll
0x74760000 - 0x7479c000 	C:\Windows\SYSTEM32\cfgmgr32.dll
0x73b10000 - 0x73b31000 	C:\Windows\SYSTEM32\DEVOBJ.dll
0x73e70000 - 0x73efb000 	C:\Windows\SYSTEM32\SHCORE.DLL
0x74e70000 - 0x74e97000 	C:\Windows\system32\IMM32.DLL
0x74ea0000 - 0x74fb2000 	C:\Windows\SYSTEM32\MSCTF.dll
0x70d50000 - 0x70f56000 	C:\Windows\WinSxS\x86_microsoft.windows.common-controls_6595b64144ccf1df_6.0.9600.17415_none_a9ed7f470139b3c1\COMCTL32.dll
0x787b0000 - 0x7886f000 	C:\Program Files (x86)\Java\jre7\bin\msvcr100.dll
0x6e550000 - 0x6e8d8000 	C:\Program Files (x86)\Java\jre7\bin\client\jvm.dll
0x71ad0000 - 0x71ad8000 	C:\Windows\SYSTEM32\WSOCK32.dll
0x76880000 - 0x76886000 	C:\Windows\SYSTEM32\PSAPI.DLL
0x76e00000 - 0x76e50000 	C:\Windows\SYSTEM32\WS2_32.dll
0x752f0000 - 0x752f7000 	C:\Windows\SYSTEM32\NSI.dll
0x504f0000 - 0x504fc000 	C:\Program Files (x86)\Java\jre7\bin\verify.dll
0x50030000 - 0x50050000 	C:\Program Files (x86)\Java\jre7\bin\java.dll
0x50010000 - 0x50023000 	C:\Program Files (x86)\Java\jre7\bin\zip.dll
0x64000000 - 0x6401b000 	C:\Users\Jacob\.jssc\windows\jSSC-2.8_x86.dll
0x582f0000 - 0x58431000 	C:\Windows\SYSTEM32\dbghelp.dll

VM Arguments:
jvm_args: -Dfile.encoding=Cp1252 
java_command: com.jacobacon.serialsign.SerialSign
Launcher Type: SUN_STANDARD

Environment Variables:
JAVA_HOME=C:\Program Files\Java\jdk1.8.0_25
PATH=C:/Program Files (x86)/Java/jre7/bin/client;C:/Program Files (x86)/Java/jre7/bin;C:/Program Files (x86)/Java/jre7/lib/i386;C:\PROGRAMDATA\ORACLE\JAVA\JAVAPATH;C:\PROGRAM FILES (X86)\NVIDIA CORPORATION\PHYSX\COMMON;C:\Windows\SYSTEM32;C:\Windows;C:\Windows\SYSTEM32\WBEM;C:\Windows\SYSTEM32\WINDOWSPOWERSHELL\V1.0\;D:\ADT\SDK\PLATFORM-TOOLS;;C:\Program Files\WIDCOMM\Bluetooth Software\;C:\Program Files\WIDCOMM\Bluetooth Software\syswow64;C:\Program Files (x86)\FAHClient;C:\Program Files (x86)\EaseUS\Todo Backup\bin\x64\;C:\eclipse;
USERNAME=Jacob
OS=Windows_NT
PROCESSOR_IDENTIFIER=AMD64 Family 21 Model 2 Stepping 0, AuthenticAMD



---------------  S Y S T E M  ---------------

OS: Windows 8.1 , 64 bit Build 9600 

CPU:total 8 (8 cores per cpu, 1 threads per core) family 21 model 2 stepping 0, cmov, cx8, fxsr, mmx, sse, sse2, sse3, ssse3, sse4.1, sse4.2, popcnt, avx, aes, mmxext, 3dnowpref, lzcnt, sse4a, tsc, tscinvbit, tscinv

Memory: 4k page, physical 16729400k(5550464k free), swap 18457912k(3506440k free)

vm_info: Java HotSpot(TM) Client VM (24.65-b04) for windows-x86 JRE (1.7.0_67-b01), built on Jul 25 2014 10:20:53 by "java_re" with unknown MS VC++:1600

time: Fri Mar 20 00:35:17 2015
elapsed time: 0 seconds

